<?xml version="1.0" encoding="UTF-8"?>
<!-- Generated by org.testng.reporters.JUnitReportReporter -->
<testsuite hostname="DESKTOP-I2QFKAR" failures="0" tests="1" name="RESTAPIGETPOST.PostREquestPractice" time="4.844" errors="0" timestamp="16 Sep 2022 06:48:38 GMT" skipped="0">
  <testcase classname="RESTAPIGETPOST.PostREquestPractice" name="addUser" time="4.844"/>
</testsuite> <!-- RESTAPIGETPOST.PostREquestPractice -->
